-outxml
-source
1.8
-target
1.8
-classpath
C:\Users\oonyimadu\.m2\repository\antlr\antlr\2.7.7\antlr-2.7.7.jar;C:\Users\oonyimadu\.m2\repository\aopalliance\aopalliance\1.0\aopalliance-1.0.jar;C:\Users\oonyimadu\.m2\repository\com\fasterxml\jackson\core\jackson-annotations\2.2.2\jackson-annotations-2.2.2.jar;C:\Users\oonyimadu\.m2\repository\com\fasterxml\jackson\core\jackson-core\2.2.2\jackson-core-2.2.2.jar;C:\Users\oonyimadu\.m2\repository\com\fasterxml\jackson\core\jackson-databind\2.2.2\jackson-databind-2.2.2.jar;C:\Users\oonyimadu\.m2\repository\com\github\virtuald\curvesapi\1.03\curvesapi-1.03.jar;C:\Users\oonyimadu\.m2\repository\com\lowagie\itext\1.3\itext-1.3.jar;C:\Users\oonyimadu\.m2\repository\com\sun\mail\javax.mail\1.5.2\javax.mail-1.5.2.jar;C:\Users\oonyimadu\.m2\repository\com\sun\xml\wsit\wsit-rt\1.1\wsit-rt-1.1.jar;C:\Users\oonyimadu\.m2\repository\com\sun\xml\wsit\xws-security\1.3.1\xws-security-1.3.1.jar;C:\Users\oonyimadu\.m2\repository\com\thoughtworks\xstream\xstream\1.4.7\xstream-1.4.7.jar;C:\Users\oonyimadu\.m2\repository\commons-beanutils\commons-beanutils\1.9.2\commons-beanutils-1.9.2.jar;C:\Users\oonyimadu\.m2\repository\commons-codec\commons-codec\1.4\commons-codec-1.4.jar;C:\Users\oonyimadu\.m2\repository\commons-collections\commons-collections\3.2.1\commons-collections-3.2.1.jar;C:\Users\oonyimadu\.m2\repository\commons-digester\commons-digester\2.0\commons-digester-2.0.jar;C:\Users\oonyimadu\.m2\repository\commons-fileupload\commons-fileupload\1.2.2\commons-fileupload-1.2.2.jar;C:\Users\oonyimadu\.m2\repository\commons-httpclient\commons-httpclient\3.1\commons-httpclient-3.1.jar;C:\Users\oonyimadu\.m2\repository\commons-io\commons-io\2.0.1\commons-io-2.0.1.jar;C:\Users\oonyimadu\.m2\repository\commons-lang\commons-lang\2.4\commons-lang-2.4.jar;C:\Users\oonyimadu\.m2\repository\commons-logging\commons-logging\1.1.1\commons-logging-1.1.1.jar;C:\Users\oonyimadu\.m2\repository\displaytag\displaytag\1.2\displaytag-1.2.jar;C:\Users\oonyimadu\.m2\repository\dom4j\dom4j\1.6.1\dom4j-1.6.1.jar;C:\Users\oonyimadu\.m2\repository\javax\activation\activation\1.1.1\activation-1.1.1.jar;C:\Users\oonyimadu\.m2\repository\javax\servlet\javax.servlet-api\3.1.0\javax.servlet-api-3.1.0.jar;C:\Users\oonyimadu\.m2\repository\javax\servlet\jstl\1.2\jstl-1.2.jar;C:\Users\oonyimadu\.m2\repository\javax\servlet\jsp\javax.servlet.jsp-api\2.3.1\javax.servlet.jsp-api-2.3.1.jar;C:\Users\oonyimadu\.m2\repository\javax\servlet\jsp\jsp-api\2.1\jsp-api-2.1.jar;C:\Users\oonyimadu\.m2\repository\javax\servlet\jsp\jstl\jstl-api\1.2\jstl-api-1.2.jar;C:\Users\oonyimadu\.m2\repository\javax\validation\validation-api\1.0.0.GA\validation-api-1.0.0.GA.jar;C:\Users\oonyimadu\.m2\repository\javax\xml\stream\stax-api\1.0-2\stax-api-1.0-2.jar;C:\Users\oonyimadu\.m2\repository\joda-time\joda-time\2.3\joda-time-2.3.jar;C:\Users\oonyimadu\.m2\repository\junit\junit\4.12\junit-4.12.jar;C:\Users\oonyimadu\.m2\repository\log4j\log4j\1.2.16\log4j-1.2.16.jar;C:\Users\oonyimadu\.m2\repository\net\sf\ehcache\ehcache\2.8.1\ehcache-2.8.1.jar;C:\Users\oonyimadu\.m2\repository\net\sf\flexjson\flexjson\2.0\flexjson-2.0.jar;C:\Users\oonyimadu\.m2\repository\net\sf\supercsv\super-csv\2.4.0\super-csv-2.4.0.jar;C:\Users\oonyimadu\.m2\repository\org\apache\commons\commons-email\1.4\commons-email-1.4.jar;C:\Users\oonyimadu\.m2\repository\org\apache\commons\commons-lang3\3.4\commons-lang3-3.4.jar;C:\Users\oonyimadu\.m2\repository\org\apache\geronimo\specs\geronimo-jta_1.1_spec\1.1.1\geronimo-jta_1.1_spec-1.1.1.jar;C:\Users\oonyimadu\.m2\repository\org\apache\httpcomponents\httpclient\4.4.1\httpclient-4.4.1.jar;C:\Users\oonyimadu\.m2\repository\org\apache\httpcomponents\httpcore\4.4.1\httpcore-4.4.1.jar;C:\Users\oonyimadu\.m2\repository\org\apache\httpcomponents\httpmime\4.4.1\httpmime-4.4.1.jar;C:\Users\oonyimadu\.m2\repository\org\apache\poi\poi\3.13\poi-3.13.jar;C:\Users\oonyimadu\.m2\repository\org\apache\poi\poi-ooxml\3.14\poi-ooxml-3.14.jar;C:\Users\oonyimadu\.m2\repository\org\apache\poi\poi-ooxml-schemas\3.14\poi-ooxml-schemas-3.14.jar;C:\Users\oonyimadu\.m2\repository\org\apache\santuario\xmlsec\1.4.3\xmlsec-1.4.3.jar;C:\Users\oonyimadu\.m2\repository\org\apache\solr\solr-solrj\5.4.1\solr-solrj-5.4.1.jar;C:\Users\oonyimadu\.m2\repository\org\apache\tiles\tiles-api\3.0.5\tiles-api-3.0.5.jar;C:\Users\oonyimadu\.m2\repository\org\apache\tiles\tiles-autotag-core-runtime\1.1.0\tiles-autotag-core-runtime-1.1.0.jar;C:\Users\oonyimadu\.m2\repository\org\apache\tiles\tiles-core\3.0.5\tiles-core-3.0.5.jar;C:\Users\oonyimadu\.m2\repository\org\apache\tiles\tiles-jsp\3.0.5\tiles-jsp-3.0.5.jar;C:\Users\oonyimadu\.m2\repository\org\apache\tiles\tiles-request-api\1.0.6\tiles-request-api-1.0.6.jar;C:\Users\oonyimadu\.m2\repository\org\apache\tiles\tiles-request-jsp\1.0.6\tiles-request-jsp-1.0.6.jar;C:\Users\oonyimadu\.m2\repository\org\apache\tiles\tiles-request-servlet\1.0.6\tiles-request-servlet-1.0.6.jar;C:\Users\oonyimadu\.m2\repository\org\apache\tiles\tiles-servlet\3.0.5\tiles-servlet-3.0.5.jar;C:\Users\oonyimadu\.m2\repository\org\apache\tiles\tiles-template\3.0.5\tiles-template-3.0.5.jar;C:\Users\oonyimadu\.m2\repository\org\apache\tomcat\tomcat-jdbc\8.0.32\tomcat-jdbc-8.0.32.jar;C:\Users\oonyimadu\.m2\repository\org\apache\tomcat\tomcat-juli\8.0.32\tomcat-juli-8.0.32.jar;C:\Users\oonyimadu\.m2\repository\org\apache\velocity\velocity\1.7\velocity-1.7.jar;C:\Users\oonyimadu\.m2\repository\org\apache\ws\security\wss4j\1.5.8\wss4j-1.5.8.jar;C:\Users\oonyimadu\.m2\repository\org\apache\xmlbeans\xmlbeans\2.6.0\xmlbeans-2.6.0.jar;C:\Users\oonyimadu\.m2\repository\org\apache\zookeeper\zookeeper\3.4.6\zookeeper-3.4.6.jar;C:\Users\oonyimadu\.m2\repository\org\aspectj\aspectjrt\1.8.1\aspectjrt-1.8.1.jar;C:\Users\oonyimadu\.m2\repository\org\aspectj\aspectjweaver\1.8.7\aspectjweaver-1.8.7.jar;C:\Users\oonyimadu\.m2\repository\org\codehaus\woodstox\stax2-api\3.1.4\stax2-api-3.1.4.jar;C:\Users\oonyimadu\.m2\repository\org\codehaus\woodstox\woodstox-core-asl\4.4.1\woodstox-core-asl-4.4.1.jar;C:\Users\oonyimadu\.m2\repository\org\glassfish\web\jstl-impl\1.2\jstl-impl-1.2.jar;C:\Users\oonyimadu\.m2\repository\org\hibernate\hibernate-core\5.0.7.Final\hibernate-core-5.0.7.Final.jar;C:\Users\oonyimadu\.m2\repository\org\hibernate\hibernate-validator\4.3.0.Final\hibernate-validator-4.3.0.Final.jar;C:\Users\oonyimadu\.m2\repository\org\hibernate\common\hibernate-commons-annotations\5.0.1.Final\hibernate-commons-annotations-5.0.1.Final.jar;C:\Users\oonyimadu\.m2\repository\org\hibernate\javax\persistence\hibernate-jpa-2.1-api\1.0.0.Final\hibernate-jpa-2.1-api-1.0.0.Final.jar;C:\Users\oonyimadu\.m2\repository\org\javassist\javassist\3.18.1-GA\javassist-3.18.1-GA.jar;C:\Users\oonyimadu\.m2\repository\org\jboss\jandex\2.0.0.Final\jandex-2.0.0.Final.jar;C:\Users\oonyimadu\.m2\repository\org\jboss\logging\jboss-logging\3.3.0.Final\jboss-logging-3.3.0.Final.jar;C:\Users\oonyimadu\.m2\repository\org\jsoup\jsoup\1.8.3\jsoup-1.8.3.jar;C:\Users\oonyimadu\.m2\repository\org\mongodb\mongo-java-driver\3.2.0-rc0\mongo-java-driver-3.2.0-rc0.jar;C:\Users\oonyimadu\.m2\repository\org\noggit\noggit\0.6\noggit-0.6.jar;C:\Users\oonyimadu\.m2\repository\org\owasp\encoder\encoder\1.2\encoder-1.2.jar;C:\Users\oonyimadu\.m2\repository\org\owasp\encoder\encoder-jsp\1.2\encoder-jsp-1.2.jar;C:\Users\oonyimadu\.m2\repository\org\slf4j\jcl-over-slf4j\1.7.13\jcl-over-slf4j-1.7.13.jar;C:\Users\oonyimadu\.m2\repository\org\slf4j\jcl104-over-slf4j\1.4.2\jcl104-over-slf4j-1.4.2.jar;C:\Users\oonyimadu\.m2\repository\org\slf4j\slf4j-api\1.6.1\slf4j-api-1.6.1.jar;C:\Users\oonyimadu\.m2\repository\org\slf4j\slf4j-log4j12\1.6.1\slf4j-log4j12-1.6.1.jar;C:\Users\oonyimadu\.m2\repository\org\springframework\spring-aop\4.2.2.RELEASE\spring-aop-4.2.2.RELEASE.jar;C:\Users\oonyimadu\.m2\repository\org\springframework\spring-aspects\4.2.2.RELEASE\spring-aspects-4.2.2.RELEASE.jar;C:\Users\oonyimadu\.m2\repository\org\springframework\spring-beans\4.2.2.RELEASE\spring-beans-4.2.2.RELEASE.jar;C:\Users\oonyimadu\.m2\repository\org\springframework\spring-context\4.2.2.RELEASE\spring-context-4.2.2.RELEASE.jar;C:\Users\oonyimadu\.m2\repository\org\springframework\spring-context-support\4.2.2.RELEASE\spring-context-support-4.2.2.RELEASE.jar;C:\Users\oonyimadu\.m2\repository\org\springframework\spring-core\4.2.2.RELEASE\spring-core-4.2.2.RELEASE.jar;C:\Users\oonyimadu\.m2\repository\org\springframework\spring-expression\4.2.2.RELEASE\spring-expression-4.2.2.RELEASE.jar;C:\Users\oonyimadu\.m2\repository\org\springframework\spring-jdbc\4.2.2.RELEASE\spring-jdbc-4.2.2.RELEASE.jar;C:\Users\oonyimadu\.m2\repository\org\springframework\spring-oxm\3.0.5.RELEASE\spring-oxm-3.0.5.RELEASE.jar;C:\Users\oonyimadu\.m2\repository\org\springframework\spring-tx\4.2.2.RELEASE\spring-tx-4.2.2.RELEASE.jar;C:\Users\oonyimadu\.m2\repository\org\springframework\spring-web\4.2.2.RELEASE\spring-web-4.2.2.RELEASE.jar;C:\Users\oonyimadu\.m2\repository\org\springframework\spring-webmvc\4.2.2.RELEASE\spring-webmvc-4.2.2.RELEASE.jar;C:\Users\oonyimadu\.m2\repository\org\springframework\data\spring-data-commons\1.11.2.RELEASE\spring-data-commons-1.11.2.RELEASE.jar;C:\Users\oonyimadu\.m2\repository\org\springframework\data\spring-data-mongodb\1.8.2.RELEASE\spring-data-mongodb-1.8.2.RELEASE.jar;C:\Users\oonyimadu\.m2\repository\org\springframework\security\spring-security-acl\4.0.3.RELEASE\spring-security-acl-4.0.3.RELEASE.jar;C:\Users\oonyimadu\.m2\repository\org\springframework\security\spring-security-config\4.0.3.RELEASE\spring-security-config-4.0.3.RELEASE.jar;C:\Users\oonyimadu\.m2\repository\org\springframework\security\spring-security-core\4.0.3.RELEASE\spring-security-core-4.0.3.RELEASE.jar;C:\Users\oonyimadu\.m2\repository\org\springframework\security\spring-security-taglibs\4.0.3.RELEASE\spring-security-taglibs-4.0.3.RELEASE.jar;C:\Users\oonyimadu\.m2\repository\org\springframework\security\spring-security-web\4.0.3.RELEASE\spring-security-web-4.0.3.RELEASE.jar;C:\Users\oonyimadu\.m2\repository\org\springframework\ws\spring-oxm\1.0.1\spring-oxm-1.0.1.jar;C:\Users\oonyimadu\.m2\repository\org\springframework\ws\spring-oxm-tiger\1.0.1\spring-oxm-tiger-1.0.1.jar;C:\Users\oonyimadu\.m2\repository\org\springframework\ws\spring-ws-core\2.0.2.RELEASE\spring-ws-core-2.0.2.RELEASE.jar;C:\Users\oonyimadu\.m2\repository\org\springframework\ws\spring-ws-security\2.0.5.RELEASE\spring-ws-security-2.0.5.RELEASE.jar;C:\Users\oonyimadu\.m2\repository\org\springframework\ws\spring-xml\2.0.2.RELEASE\spring-xml-2.0.2.RELEASE.jar;C:\Users\oonyimadu\.m2\repository\stax\stax-api\1.0.1\stax-api-1.0.1.jar;C:\Users\oonyimadu\.m2\repository\wsdl4j\wsdl4j\1.6.1\wsdl4j-1.6.1.jar;C:\Users\oonyimadu\.m2\repository\xalan\serializer\2.7.1\serializer-2.7.1.jar;C:\Users\oonyimadu\.m2\repository\xalan\xalan\2.7.1\xalan-2.7.1.jar;C:\Users\oonyimadu\.m2\repository\xerces\xercesImpl\2.8.1\xercesImpl-2.8.1.jar;C:\Users\oonyimadu\.m2\repository\xml-apis\xml-apis\1.3.03\xml-apis-1.3.03.jar;C:\Users\oonyimadu\.m2\repository\xmlpull\xmlpull\1.1.3.1\xmlpull-1.1.3.1.jar;C:\Users\oonyimadu\.m2\repository\xpp3\xpp3_min\1.1.4c\xpp3_min-1.1.4c.jar;C:\Users\oonyimadu\Documents\workspace-sts-3.6.4.RELEASE\CouncilDemo2\target\classes
-d
C:\Users\oonyimadu\Documents\workspace-sts-3.6.4.RELEASE\CouncilDemo2\target\classes
C:\Users\oonyimadu\Documents\workspace-sts-3.6.4.RELEASE\CouncilDemo2\src\main\java\com\pcg\db\mongo\dao\CategoryTypeDAO.java
C:\Users\oonyimadu\Documents\workspace-sts-3.6.4.RELEASE\CouncilDemo2\src\main\java\com\sa\assist\error\LogicException.java
C:\Users\oonyimadu\Documents\workspace-sts-3.6.4.RELEASE\CouncilDemo2\src\main\java\com\pcg\search\query\SolrConfig.java
C:\Users\oonyimadu\Documents\workspace-sts-3.6.4.RELEASE\CouncilDemo2\src\main\java\com\pcg\db\mongo\dao\CategoryDAOCustom.java
C:\Users\oonyimadu\Documents\workspace-sts-3.6.4.RELEASE\CouncilDemo2\src\main\java\com\pcg\db\mongo\model\SAAddress.java
C:\Users\oonyimadu\Documents\workspace-sts-3.6.4.RELEASE\CouncilDemo2\src\main\java\com\pcg\db\mongo\model\ImportConfig.java
C:\Users\oonyimadu\Documents\workspace-sts-3.6.4.RELEASE\CouncilDemo2\src\main\java\uk\me\jstott\jcoord\Util.java
C:\Users\oonyimadu\Documents\workspace-sts-3.6.4.RELEASE\CouncilDemo2\src\main\java\com\pcg\db\mongo\dao\CategoryDAO.java
C:\Users\oonyimadu\Documents\workspace-sts-3.6.4.RELEASE\CouncilDemo2\src\main\java\com\pcg\db\mongo\dao\impl\RecommendedLinkDAOImpl.java
C:\Users\oonyimadu\Documents\workspace-sts-3.6.4.RELEASE\CouncilDemo2\src\main\java\com\pcg\db\mongo\dao\impl\ScheduleLogDAOImpl.java
C:\Users\oonyimadu\Documents\workspace-sts-3.6.4.RELEASE\CouncilDemo2\src\main\java\com\pcg\db\mongo\dao\impl\SystemConfigDAOImpl.java
C:\Users\oonyimadu\Documents\workspace-sts-3.6.4.RELEASE\CouncilDemo2\src\main\java\com\pcg\db\mongo\dao\ScheduleDAO.java
C:\Users\oonyimadu\Documents\workspace-sts-3.6.4.RELEASE\CouncilDemo2\src\main\java\com\pcg\db\mongo\model\Sequence.java
C:\Users\oonyimadu\Documents\workspace-sts-3.6.4.RELEASE\CouncilDemo2\src\main\java\com\pcg\utli\Cleaner.java
C:\Users\oonyimadu\Documents\workspace-sts-3.6.4.RELEASE\CouncilDemo2\src\main\java\com\pcg\db\mongo\model\Authority.java
C:\Users\oonyimadu\Documents\workspace-sts-3.6.4.RELEASE\CouncilDemo2\src\main\java\com\pcg\db\mongo\model\IAssistConfig.java
C:\Users\oonyimadu\Documents\workspace-sts-3.6.4.RELEASE\CouncilDemo2\src\main\java\com\pcg\test\UserService.java
C:\Users\oonyimadu\Documents\workspace-sts-3.6.4.RELEASE\CouncilDemo2\src\main\java\com\sa\assist\controller\api\cms\json\CMSSearchResult.java
C:\Users\oonyimadu\Documents\workspace-sts-3.6.4.RELEASE\CouncilDemo2\src\main\java\com\pcg\search\query\SearchInfo.java
C:\Users\oonyimadu\Documents\workspace-sts-3.6.4.RELEASE\CouncilDemo2\src\main\java\com\pcg\test\UserServiceImpl.java
C:\Users\oonyimadu\Documents\workspace-sts-3.6.4.RELEASE\CouncilDemo2\src\main\java\com\sa\assist\controller\api\cms\IndexController.java
C:\Users\oonyimadu\Documents\workspace-sts-3.6.4.RELEASE\CouncilDemo2\src\main\java\com\sa\assist\search\FacetSearchType.java
C:\Users\oonyimadu\Documents\workspace-sts-3.6.4.RELEASE\CouncilDemo2\src\main\java\com\pcg\db\mongo\dao\impl\CategoryDAOImpl.java
C:\Users\oonyimadu\Documents\workspace-sts-3.6.4.RELEASE\CouncilDemo2\src\main\java\com\pcg\db\mongo\model\CmsBaseUserObject.java
C:\Users\oonyimadu\Documents\workspace-sts-3.6.4.RELEASE\CouncilDemo2\src\main\java\com\pcg\search\api\controllers\QueryController.java
C:\Users\oonyimadu\Documents\workspace-sts-3.6.4.RELEASE\CouncilDemo2\src\main\java\com\pcg\db\mongo\dao\impl\AddressDAOImpl.java
C:\Users\oonyimadu\Documents\workspace-sts-3.6.4.RELEASE\CouncilDemo2\src\main\java\com\pcg\db\mongo\dao\impl\CategoryTypeDAOImpl.java
C:\Users\oonyimadu\Documents\workspace-sts-3.6.4.RELEASE\CouncilDemo2\src\main\java\com\sa\assist\controller\AjaxController.java
C:\Users\oonyimadu\Documents\workspace-sts-3.6.4.RELEASE\CouncilDemo2\src\main\java\com\pcg\db\mongo\model\CmsBaseObject.java
C:\Users\oonyimadu\Documents\workspace-sts-3.6.4.RELEASE\CouncilDemo2\src\main\java\com\sa\assist\controller\api\cms\json\packets\MetaDataPacket.java
C:\Users\oonyimadu\Documents\workspace-sts-3.6.4.RELEASE\CouncilDemo2\src\main\java\com\pcg\db\mongo\dao\impl\SequenceDAOImpl.java
C:\Users\oonyimadu\Documents\workspace-sts-3.6.4.RELEASE\CouncilDemo2\src\main\java\com\pcg\search\utils\PaginationUtils.java
C:\Users\oonyimadu\Documents\workspace-sts-3.6.4.RELEASE\CouncilDemo2\src\main\java\com\pcg\test\XmlSerializerTest.java
C:\Users\oonyimadu\Documents\workspace-sts-3.6.4.RELEASE\CouncilDemo2\src\main\java\com\pcg\search\index\BaseIndexer.java
C:\Users\oonyimadu\Documents\workspace-sts-3.6.4.RELEASE\CouncilDemo2\src\main\java\com\sa\assist\controller\api\cms\SearchController.java
C:\Users\oonyimadu\Documents\workspace-sts-3.6.4.RELEASE\CouncilDemo2\src\main\java\com\sa\assist\search\SearchType.java
C:\Users\oonyimadu\Documents\workspace-sts-3.6.4.RELEASE\CouncilDemo2\src\main\java\com\pcg\db\mongo\model\County.java
C:\Users\oonyimadu\Documents\workspace-sts-3.6.4.RELEASE\CouncilDemo2\src\main\java\com\pcg\search\api\beans\CareHomeBeans.java
C:\Users\oonyimadu\Documents\workspace-sts-3.6.4.RELEASE\CouncilDemo2\src\main\java\com\sa\assist\search\SolrSmartSuggester.java
C:\Users\oonyimadu\Documents\workspace-sts-3.6.4.RELEASE\CouncilDemo2\src\main\java\com\sa\assist\controller\bean\SmartSuggestData.java
C:\Users\oonyimadu\Documents\workspace-sts-3.6.4.RELEASE\CouncilDemo2\src\main\java\com\sa\assist\utils\AjaxUtils.java
C:\Users\oonyimadu\Documents\workspace-sts-3.6.4.RELEASE\CouncilDemo2\src\main\java\com\pcg\db\mongo\dao\SearchLoggerDAOCustom.java
C:\Users\oonyimadu\Documents\workspace-sts-3.6.4.RELEASE\CouncilDemo2\src\main\java\uk\me\jstott\jcoord\ellipsoid\WGS84Ellipsoid.java
C:\Users\oonyimadu\Documents\workspace-sts-3.6.4.RELEASE\CouncilDemo2\src\main\java\com\sa\assist\config\SASpringContext.java
C:\Users\oonyimadu\Documents\workspace-sts-3.6.4.RELEASE\CouncilDemo2\src\main\java\com\sa\assist\utils\CacheHandler.java
C:\Users\oonyimadu\Documents\workspace-sts-3.6.4.RELEASE\CouncilDemo2\src\main\java\com\pcg\db\mongo\dao\RecommendedLinkDAOCustom.java
C:\Users\oonyimadu\Documents\workspace-sts-3.6.4.RELEASE\CouncilDemo2\src\main\java\uk\me\jstott\jcoord\CoordinateSystem.java
C:\Users\oonyimadu\Documents\workspace-sts-3.6.4.RELEASE\CouncilDemo2\src\main\java\com\pcg\db\mongo\dao\SearchLoggerDAO.java
C:\Users\oonyimadu\Documents\workspace-sts-3.6.4.RELEASE\CouncilDemo2\src\main\java\com\pcg\utli\Utils.java
C:\Users\oonyimadu\Documents\workspace-sts-3.6.4.RELEASE\CouncilDemo2\src\main\java\com\pcg\db\mongo\dao\SAAddressDAOCustom.java
C:\Users\oonyimadu\Documents\workspace-sts-3.6.4.RELEASE\CouncilDemo2\src\main\java\com\pcg\db\mongo\dao\ScheduleLogDAOCustom.java
C:\Users\oonyimadu\Documents\workspace-sts-3.6.4.RELEASE\CouncilDemo2\src\main\java\com\pcg\db\mongo\model\Category.java
C:\Users\oonyimadu\Documents\workspace-sts-3.6.4.RELEASE\CouncilDemo2\src\main\java\com\sa\assist\controller\CatalogueController.java
C:\Users\oonyimadu\Documents\workspace-sts-3.6.4.RELEASE\CouncilDemo2\src\main\java\com\pcg\db\mongo\model\CategoryToAttribute.java
C:\Users\oonyimadu\Documents\workspace-sts-3.6.4.RELEASE\CouncilDemo2\src\main\java\uk\me\jstott\jcoord\ellipsoid\Airy1830Ellipsoid.java
C:\Users\oonyimadu\Documents\workspace-sts-3.6.4.RELEASE\CouncilDemo2\src\main\java\com\pcg\db\mongo\dao\AddressDAOCustom.java
C:\Users\oonyimadu\Documents\workspace-sts-3.6.4.RELEASE\CouncilDemo2\src\main\java\com\pcg\utli\XmlSerializer.java
C:\Users\oonyimadu\Documents\workspace-sts-3.6.4.RELEASE\CouncilDemo2\src\main\java\com\pcg\db\mongo\dao\SystemConfigDAOCustom.java
C:\Users\oonyimadu\Documents\workspace-sts-3.6.4.RELEASE\CouncilDemo2\src\main\java\com\pcg\search\api\beans\APIPingResponse.java
C:\Users\oonyimadu\Documents\workspace-sts-3.6.4.RELEASE\CouncilDemo2\src\main\java\com\pcg\search\api\controllers\Search1Controller.java
C:\Users\oonyimadu\Documents\workspace-sts-3.6.4.RELEASE\CouncilDemo2\src\main\java\com\pcg\search\utils\PaginationImpl.java
C:\Users\oonyimadu\Documents\workspace-sts-3.6.4.RELEASE\CouncilDemo2\src\main\java\com\sa\assist\search\StandardProduct.java
C:\Users\oonyimadu\Documents\workspace-sts-3.6.4.RELEASE\CouncilDemo2\src\main\java\uk\me\jstott\jcoord\datum\WGS84Datum.java
C:\Users\oonyimadu\Documents\workspace-sts-3.6.4.RELEASE\CouncilDemo2\src\main\java\com\pcg\search\index\IndexManager.java
C:\Users\oonyimadu\Documents\workspace-sts-3.6.4.RELEASE\CouncilDemo2\src\main\java\com\sa\assist\config\Log4JConfig.java
C:\Users\oonyimadu\Documents\workspace-sts-3.6.4.RELEASE\CouncilDemo2\src\main\java\com\sa\assist\service\ScheduledTaskService.java
C:\Users\oonyimadu\Documents\workspace-sts-3.6.4.RELEASE\CouncilDemo2\src\main\java\com\pcg\db\mongo\dao\impl\CountyDAOImpl.java
C:\Users\oonyimadu\Documents\workspace-sts-3.6.4.RELEASE\CouncilDemo2\src\main\java\com\pcg\search\api\beans\CmsDocument.java
C:\Users\oonyimadu\Documents\workspace-sts-3.6.4.RELEASE\CouncilDemo2\src\main\java\com\pcg\search\api\service\CareHomeObjectService.java
C:\Users\oonyimadu\Documents\workspace-sts-3.6.4.RELEASE\CouncilDemo2\src\main\java\com\pcg\db\mongo\model\Schedule.java
C:\Users\oonyimadu\Documents\workspace-sts-3.6.4.RELEASE\CouncilDemo2\src\main\java\com\pcg\db\mongo\dao\impl\ScheduleDAOImpl.java
C:\Users\oonyimadu\Documents\workspace-sts-3.6.4.RELEASE\CouncilDemo2\src\main\java\uk\me\jstott\jcoord\NotDefinedOnUTMGridException.java
C:\Users\oonyimadu\Documents\workspace-sts-3.6.4.RELEASE\CouncilDemo2\src\main\java\com\pcg\db\mongo\dao\CountyDAO.java
C:\Users\oonyimadu\Documents\workspace-sts-3.6.4.RELEASE\CouncilDemo2\src\main\java\com\pcg\db\mongo\dao\impl\CustomDAOImpl.java
C:\Users\oonyimadu\Documents\workspace-sts-3.6.4.RELEASE\CouncilDemo2\src\main\java\com\pcg\db\mongo\dao\ImportConfigDAO.java
C:\Users\oonyimadu\Documents\workspace-sts-3.6.4.RELEASE\CouncilDemo2\src\main\java\com\sa\assist\service\MongoUIDaoService.java
C:\Users\oonyimadu\Documents\workspace-sts-3.6.4.RELEASE\CouncilDemo2\src\main\java\com\pcg\search\api\beans\CareHomeBean.java
C:\Users\oonyimadu\Documents\workspace-sts-3.6.4.RELEASE\CouncilDemo2\src\main\java\com\sa\assist\utils\MapPin.java
C:\Users\oonyimadu\Documents\workspace-sts-3.6.4.RELEASE\CouncilDemo2\src\main\java\com\pcg\db\mongo\dao\RecommendedLinkDAO.java
C:\Users\oonyimadu\Documents\workspace-sts-3.6.4.RELEASE\CouncilDemo2\src\main\java\uk\me\jstott\jcoord\datum\Datum.java
C:\Users\oonyimadu\Documents\workspace-sts-3.6.4.RELEASE\CouncilDemo2\src\main\java\uk\me\jstott\jcoord\UTMRef.java
C:\Users\oonyimadu\Documents\workspace-sts-3.6.4.RELEASE\CouncilDemo2\src\main\java\com\sa\assist\controller\api\cms\json\UserInfo.java
C:\Users\oonyimadu\Documents\workspace-sts-3.6.4.RELEASE\CouncilDemo2\src\main\java\uk\me\jstott\jcoord\LatLng.java
C:\Users\oonyimadu\Documents\workspace-sts-3.6.4.RELEASE\CouncilDemo2\src\main\java\com\pcg\search\utils\SolrQueryUtils.java
C:\Users\oonyimadu\Documents\workspace-sts-3.6.4.RELEASE\CouncilDemo2\src\main\java\com\pcg\db\mongo\dao\AuthorityDAOCustom.java
C:\Users\oonyimadu\Documents\workspace-sts-3.6.4.RELEASE\CouncilDemo2\src\main\java\com\pcg\db\mongo\dao\ScheduleLogDAO.java
C:\Users\oonyimadu\Documents\workspace-sts-3.6.4.RELEASE\CouncilDemo2\src\main\java\com\pcg\search\api\controllers\GeoController.java
C:\Users\oonyimadu\Documents\workspace-sts-3.6.4.RELEASE\CouncilDemo2\src\main\java\com\pcg\search\api\controllers\CareHomeController.java
C:\Users\oonyimadu\Documents\workspace-sts-3.6.4.RELEASE\CouncilDemo2\src\main\java\uk\me\jstott\jcoord\MGRSRef.java
C:\Users\oonyimadu\Documents\workspace-sts-3.6.4.RELEASE\CouncilDemo2\src\main\java\com\pcg\db\mongo\dao\SequenceDAO.java
C:\Users\oonyimadu\Documents\workspace-sts-3.6.4.RELEASE\CouncilDemo2\src\main\java\com\sa\assist\controller\api\cms\json\AjaxResult.java
C:\Users\oonyimadu\Documents\workspace-sts-3.6.4.RELEASE\CouncilDemo2\src\main\java\com\sa\assist\controller\bean\SmartSuggestHeader.java
C:\Users\oonyimadu\Documents\workspace-sts-3.6.4.RELEASE\CouncilDemo2\src\main\java\com\sa\assist\utils\AddressUtils.java
C:\Users\oonyimadu\Documents\workspace-sts-3.6.4.RELEASE\CouncilDemo2\src\main\java\com\sa\assist\search\SolrSearchBean.java
C:\Users\oonyimadu\Documents\workspace-sts-3.6.4.RELEASE\CouncilDemo2\src\main\java\com\pcg\db\mongo\model\ScheduleLog.java
C:\Users\oonyimadu\Documents\workspace-sts-3.6.4.RELEASE\CouncilDemo2\src\main\java\com\pcg\search\api\beans\PaginatorBean.java
C:\Users\oonyimadu\Documents\workspace-sts-3.6.4.RELEASE\CouncilDemo2\src\main\java\com\pcg\search\api\beans\APIStatusResponse.java
C:\Users\oonyimadu\Documents\workspace-sts-3.6.4.RELEASE\CouncilDemo2\src\main\java\com\sa\assist\search\DisplayItem.java
C:\Users\oonyimadu\Documents\workspace-sts-3.6.4.RELEASE\CouncilDemo2\src\main\java\com\pcg\db\mongo\dao\AuthorityDAO.java
C:\Users\oonyimadu\Documents\workspace-sts-3.6.4.RELEASE\CouncilDemo2\src\main\java\com\pcg\db\mongo\model\SearchLogger.java
C:\Users\oonyimadu\Documents\workspace-sts-3.6.4.RELEASE\CouncilDemo2\src\main\java\com\pcg\search\api\controllers\APIController.java
C:\Users\oonyimadu\Documents\workspace-sts-3.6.4.RELEASE\CouncilDemo2\src\main\java\com\pcg\test\User.java
C:\Users\oonyimadu\Documents\workspace-sts-3.6.4.RELEASE\CouncilDemo2\src\main\java\com\pcg\db\mongo\dao\CountyDAOCustom.java
C:\Users\oonyimadu\Documents\workspace-sts-3.6.4.RELEASE\CouncilDemo2\src\main\java\com\sa\assist\search\ISearchProvider.java
C:\Users\oonyimadu\Documents\workspace-sts-3.6.4.RELEASE\CouncilDemo2\src\main\java\com\pcg\search\api\beans\SearchResult.java
C:\Users\oonyimadu\Documents\workspace-sts-3.6.4.RELEASE\CouncilDemo2\src\main\java\com\pcg\test\CareHomeObjects.java
C:\Users\oonyimadu\Documents\workspace-sts-3.6.4.RELEASE\CouncilDemo2\src\main\java\com\pcg\db\mongo\model\SmartSuggestCategoryConfig.java
C:\Users\oonyimadu\Documents\workspace-sts-3.6.4.RELEASE\CouncilDemo2\src\main\java\com\pcg\search\api\service\CareHomeServiceImpl.java
C:\Users\oonyimadu\Documents\workspace-sts-3.6.4.RELEASE\CouncilDemo2\src\main\java\com\pcg\test\TestController.java
C:\Users\oonyimadu\Documents\workspace-sts-3.6.4.RELEASE\CouncilDemo2\src\main\java\com\pcg\db\mongo\dao\CustomDAO.java
C:\Users\oonyimadu\Documents\workspace-sts-3.6.4.RELEASE\CouncilDemo2\src\main\java\com\sa\assist\utils\SnacCode.java
C:\Users\oonyimadu\Documents\workspace-sts-3.6.4.RELEASE\CouncilDemo2\src\main\java\com\pcg\test\CareHomeObject.java
C:\Users\oonyimadu\Documents\workspace-sts-3.6.4.RELEASE\CouncilDemo2\src\main\java\com\sa\assist\controller\api\cms\json\AjaxStatus.java
C:\Users\oonyimadu\Documents\workspace-sts-3.6.4.RELEASE\CouncilDemo2\src\main\java\com\sa\assist\controller\api\cms\json\packets\LocationPacket.java
C:\Users\oonyimadu\Documents\workspace-sts-3.6.4.RELEASE\CouncilDemo2\src\main\java\uk\me\jstott\jcoord\ellipsoid\Ellipsoid.java
C:\Users\oonyimadu\Documents\workspace-sts-3.6.4.RELEASE\CouncilDemo2\src\main\java\com\pcg\db\mongo\model\SystemConfig.java
C:\Users\oonyimadu\Documents\workspace-sts-3.6.4.RELEASE\CouncilDemo2\src\main\java\com\sa\assist\search\SolrConfig.java
C:\Users\oonyimadu\Documents\workspace-sts-3.6.4.RELEASE\CouncilDemo2\src\main\java\com\sa\assist\controller\bean\SmartSuggestCategory.java
C:\Users\oonyimadu\Documents\workspace-sts-3.6.4.RELEASE\CouncilDemo2\src\main\java\com\pcg\db\mongo\model\RecommendedLink.java
C:\Users\oonyimadu\Documents\workspace-sts-3.6.4.RELEASE\CouncilDemo2\src\main\java\com\pcg\search\index\HampshireIndexer.java
C:\Users\oonyimadu\Documents\workspace-sts-3.6.4.RELEASE\CouncilDemo2\src\main\java\com\pcg\utli\Excel2Object.java
C:\Users\oonyimadu\Documents\workspace-sts-3.6.4.RELEASE\CouncilDemo2\src\main\java\com\pcg\db\mongo\model\Address.java
C:\Users\oonyimadu\Documents\workspace-sts-3.6.4.RELEASE\CouncilDemo2\src\main\java\com\sa\assist\tree\TreeNode.java
C:\Users\oonyimadu\Documents\workspace-sts-3.6.4.RELEASE\CouncilDemo2\src\main\java\com\sa\assist\controller\api\cms\json\HtmlPacket.java
C:\Users\oonyimadu\Documents\workspace-sts-3.6.4.RELEASE\CouncilDemo2\src\main\java\com\pcg\db\mongo\dao\impl\AuthorityDAOImpl.java
C:\Users\oonyimadu\Documents\workspace-sts-3.6.4.RELEASE\CouncilDemo2\src\main\java\com\pcg\db\mongo\dao\AddressDAO.java
C:\Users\oonyimadu\Documents\workspace-sts-3.6.4.RELEASE\CouncilDemo2\src\main\java\com\pcg\db\mongo\model\CategoryType.java
C:\Users\oonyimadu\Documents\workspace-sts-3.6.4.RELEASE\CouncilDemo2\src\main\java\com\pcg\search\query\SolrSearcher.java
C:\Users\oonyimadu\Documents\workspace-sts-3.6.4.RELEASE\CouncilDemo2\src\main\java\com\sa\assist\search\SearchInfo.java
C:\Users\oonyimadu\Documents\workspace-sts-3.6.4.RELEASE\CouncilDemo2\src\main\java\com\pcg\db\mongo\dao\ScheduleDAOCustom.java
C:\Users\oonyimadu\Documents\workspace-sts-3.6.4.RELEASE\CouncilDemo2\src\main\java\com\pcg\db\mongo\dao\SAAddressDAO.java
C:\Users\oonyimadu\Documents\workspace-sts-3.6.4.RELEASE\CouncilDemo2\src\main\java\com\pcg\search\api\controllers\IndexController.java
C:\Users\oonyimadu\Documents\workspace-sts-3.6.4.RELEASE\CouncilDemo2\src\main\java\uk\me\jstott\jcoord\datum\OSGB36Datum.java
C:\Users\oonyimadu\Documents\workspace-sts-3.6.4.RELEASE\CouncilDemo2\src\main\java\com\pcg\search\api\beans\QueryBean.java
C:\Users\oonyimadu\Documents\workspace-sts-3.6.4.RELEASE\CouncilDemo2\src\main\java\com\pcg\db\mongo\model\DirectoryInfo.java
C:\Users\oonyimadu\Documents\workspace-sts-3.6.4.RELEASE\CouncilDemo2\src\main\java\com\pcg\search\api\beans\APIQueryResponse.java
C:\Users\oonyimadu\Documents\workspace-sts-3.6.4.RELEASE\CouncilDemo2\src\main\java\com\sa\assist\error\ExceptionHandler.java
C:\Users\oonyimadu\Documents\workspace-sts-3.6.4.RELEASE\CouncilDemo2\src\main\java\com\pcg\db\mongo\dao\impl\SearchLoggerDAOImpl.java
C:\Users\oonyimadu\Documents\workspace-sts-3.6.4.RELEASE\CouncilDemo2\src\main\java\com\pcg\search\api\beans\CareHomeObject.java
C:\Users\oonyimadu\Documents\workspace-sts-3.6.4.RELEASE\CouncilDemo2\src\main\java\com\pcg\search\index\CmsDocumentIndexer.java
C:\Users\oonyimadu\Documents\workspace-sts-3.6.4.RELEASE\CouncilDemo2\src\main\java\com\pcg\search\utils\QueryParameters.java
C:\Users\oonyimadu\Documents\workspace-sts-3.6.4.RELEASE\CouncilDemo2\src\main\java\com\pcg\search\api\beans\ResultBean.java
C:\Users\oonyimadu\Documents\workspace-sts-3.6.4.RELEASE\CouncilDemo2\src\main\java\com\sa\assist\controller\SearchIndexController.java
C:\Users\oonyimadu\Documents\workspace-sts-3.6.4.RELEASE\CouncilDemo2\src\main\java\com\pcg\db\mongo\dao\SystemConfigDAO.java
C:\Users\oonyimadu\Documents\workspace-sts-3.6.4.RELEASE\CouncilDemo2\src\main\java\com\pcg\db\mongo\dao\impl\SAAddressDAOImpl.java
C:\Users\oonyimadu\Documents\workspace-sts-3.6.4.RELEASE\CouncilDemo2\src\main\java\uk\me\jstott\jcoord\OSRef.java
C:\Users\oonyimadu\Documents\workspace-sts-3.6.4.RELEASE\CouncilDemo2\src\main\java\com\sa\assist\search\SearchResult.java
C:\Users\oonyimadu\Documents\workspace-sts-3.6.4.RELEASE\CouncilDemo2\src\main\java\com\sa\assist\search\SearchServices.java
C:\Users\oonyimadu\Documents\workspace-sts-3.6.4.RELEASE\CouncilDemo2\src\main\java\com\sa\assist\viewbean\CategoryUI.java
C:\Users\oonyimadu\Documents\workspace-sts-3.6.4.RELEASE\CouncilDemo2\src\main\java\com\pcg\db\mongo\dao\CategoryTypeDAOCustom.java
